1e-180 7.41206e-15 0.00481901 0.00509835 0.00614945 0.00662381 0.0335527 0.0212358
7.13061e-13 5.96381e-15 0.00484148 0.00474206 0.00605561 0.00589025 0.033764 0.0192982
3.9618e-11 8.30417e-15 0.0049427 0.00493356 0.00637289 0.00627708 0.0354727 0.0201194
4.69568e-10 5.82353e-15 0.00484417 0.00469029 0.00602833 0.00588463 0.0336769 0.0191139
2.50187e-09 5.58863e-15 0.00477668 0.00467785 0.00603038 0.00586089 0.0335477 0.0190366
9.19059e-09 5.51295e-15 0.00477588 0.00463249 0.00605431 0.00586423 0.0336144 0.0188999
2.6712e-08 5.81957e-15 0.00440707 0.00582895 0.00511202 0.00483419 0.029073 0.0225697
6.50439e-08 2.17003e-15 0.00376577 0.0045082 0.00437452 0.00422321 0.0275668 0.0177461
1.25518e-07 5.03128e-15 0.00413752 0.00599968 0.00463663 0.00471473 0.0280184 0.0235054
2.48634e-07 2.67752e-15 0.00354973 0.00557056 0.00384881 0.0039857 0.0250012 0.0211527
4.27389e-07 3.32659e-15 0.00410086 0.0053326 0.00432565 0.00441473 0.0261566 0.0208583
7.1901e-07 3.47761e-15 0.00406063 0.00559763 0.00426306 0.00441869 0.0259046 0.0218577
1.16694e-06 3.00004e-15 0.00391948 0.00532936 0.00425397 0.00423098 0.0258088 0.0205874
1.79962e-06 1.83558e-15 0.00362524 0.00441888 0.00420489 0.00412132 0.026373 0.0172453
2.61489e-06 3.77032e-15 0.0038281 0.00566359 0.00431573 0.00430287 0.0266202 0.0216108
3.86215e-06 3.16693e-15 0.0040267 0.00526565 0.00427959 0.00444886 0.0256276 0.0205074
5.53517e-06 2.51403e-15 0.00361921 0.00543041 0.00386803 0.00402034 0.024858 0.0207918
7.66066e-06 1.85973e-15 0.00363084 0.00501608 0.0037877 0.00381193 0.0236464 0.0191893
1.02766e-05 2.92995e-15 0.00395846 0.00527969 0.00427045 0.00425094 0.0257522 0.0204591
1.3927e-05 2.68779e-15 0.00394766 0.00504774 0.00417633 0.00411245 0.0256316 0.0196649
1.84695e-05 1.28568e-15 0.00342918 0.00414159 0.0038612 0.00391716 0.0253216 0.0164221
2.35251e-05 3.0296e-15 0.00391975 0.00533475 0.00426655 0.00424293 0.0258506 0.0206199
3.06946e-05 1.23613e-15 0.0036263 0.00387968 0.00397783 0.00390874 0.0250908 0.0154322
3.82855e-05 1.49742e-15 0.00364524 0.00414551 0.00406491 0.00425923 0.0249643 0.0165961
4.77863e-05 2.1501e-15 0.00380088 0.00436474 0.0047087 0.00434846 0.0275538 0.0170515
6.00207e-05 2.06526e-15 0.00397763 0.00415427 0.00474788 0.00460147 0.027066 0.0165255
7.48144e-05 1.89434e-15 0.00374366 0.00419452 0.0046242 0.00434967 0.0267384 0.0163943
9.20192e-05 1.94879e-15 0.003811 0.00427919 0.00436962 0.00468135 0.0264439 0.0174612
0.000112783 2.3907e-15 0.00403176 0.00439127 0.00474545 0.00482158 0.0271464 0.0176892
0.000138379 2.00704e-15 0.00384357 0.00402443 0.00481508 0.00476453 0.0279428 0.0161279
0.000167679 2.66115e-15 0.00416844 0.00430915 0.00485744 0.00506682 0.0279505 0.0176033
0.000203866 3.71471e-15 0.00448537 0.00437773 0.00566032 0.00558885 0.031097 0.0179117
0.000250234 2.43387e-15 0.004278 0.00414604 0.00519673 0.00480594 0.0279213 0.0164092
0.000299968 2.7238e-15 0.00404632 0.00418439 0.0050061 0.0053052 0.0293058 0.0172851
0.000358848 2.45115e-15 0.00414703 0.00428543 0.00481854 0.00487787 0.0275256 0.0174474
0.000425353 4.05022e-15 0.00468697 0.0045819 0.00555953 0.0053591 0.0302687 0.0185645
0.000510378 2.94787e-15 0.00437717 0.00408413 0.00552621 0.00555073 0.0299963 0.016878
0.000605067 2.3679e-15 0.00410456 0.00435447 0.004738 0.00480537 0.0270977 0.0175754
0.000706526 2.70299e-15 0.00415395 0.0040785 0.00538636 0.00525998 0.029714 0.016602
0.000826544 2.68693e-15 0.00443668 0.00418579 0.00523188 0.00524485 0.0277731 0.0170056
0.000963267 2.10074e-15 0.00387416 0.0040429 0.00482136 0.00516518 0.027749 0.0166047
0.00111039 2.53249e-15 0.00427913 0.0040072 0.00532686 0.00539077 0.0285425 0.0164814
0.00128382 7.66311e-15 0.00484508 0.00516818 0.00620217 0.00652674 0.0344334 0.0215462
0.00152395 6.46989e-15 0.00481886 0.00509879 0.00604302 0.00630678 0.033393 0.0211894
0.00179406 3.6692e-15 0.00448898 0.00435347 0.00568387 0.00554356 0.0313166 0.0178759
0.00206972 4.57325e-15 0.00461194 0.00444358 0.00578779 0.0057825 0.0322071 0.0183069
0.0023887 6.16375e-15 0.00478866 0.00527956 0.00594461 0.00606654 0.0324017 0.0218303
0.00277723 4.84095e-15 0.00467168 0.00453881 0.00591053 0.0057231 0.0331486 0.0187033
0.00319025 2.10657e-15 0.004225 0.00408193 0.00516788 0.00506913 0.0271622 0.016636
0.00359374 2.4086e-15 0.00397665 0.00426411 0.00493561 0.00511075 0.0282091 0.0175217
0.00404088 5.91587e-15 0.00472423 0.00494316 0.00592266 0.00637504 0.0323399 0.0205541
0.00463063 4.60678e-15 0.00470398 0.00447701 0.00577393 0.00575304 0.0319242 0.0182758
0.00525046 4.69511e-15 0.00471797 0.00447148 0.00582531 0.00579424 0.0320867 0.0182985
0.00594092 4.73305e-15 0.00463298 0.00458225 0.00589663 0.00567722 0.0328342 0.018783
0.0067111 4.8027e-15 0.00461817 0.0046659 0.00584027 0.00566145 0.032589 0.0190278
0.00756332 5.61064e-15 0.00477991 0.00454858 0.00597729 0.00598079 0.0329952 0.0186577
0.00851863 4.20475e-15 0.00451576 0.00471414 0.00567926 0.00598754 0.0308764 0.0197362
0.00955562 4.48153e-15 0.00465963 0.00440899 0.00582573 0.00576109 0.0321007 0.0181676
0.0106794 4.73383e-15 0.00472135 0.00446263 0.00583933 0.00580029 0.0320703 0.0183251
0.0119198 4.80944e-15 0.00446594 0.00485132 0.00579981 0.00613978 0.0314833 0.0202834
0.0133148 3.81864e-15 0.00461068 0.00428228 0.00566545 0.00566737 0.0306156 0.0175886
0.0147512 3.75935e-15 0.00449425 0.0043417 0.00573582 0.00558294 0.0313197 0.0179077
0.0163206 5.10799e-15 0.00538232 0.00620163 0.00505481 0.00774466 0.0276606 0.0281273
0.0184055 7.22541e-15 0.0054419 0.00602256 0.00562046 0.00816941 0.0322355 0.0276485
0.0208031 2.98163e-15 0.00415672 0.00411082 0.00561937 0.00563929 0.0309689 0.0171711
0.0228216 4.93235e-15 0.00465919 0.00423879 0.00621612 0.00607718 0.0349091 0.0175946
0.0251904 6.21403e-15 0.00471794 0.00496343 0.00670797 0.00578039 0.0346867 0.0193246
0.0278808 2.55143e-15 0.00368741 0.00449278 0.00515115 0.00492275 0.0286291 0.0176612
0.0303142 9.9781e-15 0.00624573 0.0075561 0.00556201 0.00755527 0.0283386 0.0329083
0.0341939 8.79627e-15 0.00498912 0.00478412 0.00738182 0.00630749 0.0385672 0.0188511
0.0378522 1.24765e-14 0.00611873 0.00731683 0.00618966 0.0087355 0.0316073 0.0319795
0.0427039 1.10917e-14 0.00521166 0.00781585 0.00531613 0.00870692 0.0324711 0.0349656
0.0479993 1.36283e-14 0.0049568 0.00482746 0.00670281 0.00727569 0.039502 0.0205645
0.0529684 9.74647e-15 0.00440545 0.00553025 0.00592457 0.00621065 0.0384425 0.0243752
0.0582298 1.51121e-14 0.00524889 0.00524665 0.00664668 0.00611739 0.0418751 0.0231902
0.0641841 1.40456e-15 0.00304414 0.00476857 0.00370593 0.00377024 0.0255463 0.0200401
0.0685379 1.06119e-15 0.00281165 0.00416237 0.00379859 0.00329956 0.0254075 0.017237
0.0727623 1.33951e-15 0.00272668 0.00466884 0.00397931 0.00324562 0.0264186 0.0196137
0.07747 2.16879e-15 0.00286157 0.00437046 0.0046624 0.00350258 0.028387 0.0182003
0.082589 1.19537e-15 0.0026827 0.00351906 0.00416889 0.00334678 0.0285487 0.0149784
0.0874474 2.36219e-15 0.00288703 0.00443373 0.00490655 0.00403873 0.0299864 0.0192625
0.0934598 1.87276e-15 0.00276169 0.00443045 0.0042889 0.00404808 0.0271668 0.0192615
0.0995327 2.74294e-15 0.00334477 0.00473847 0.00429077 0.00446153 0.0284196 0.021903
0.106544 5.7175e-15 0.00380378 0.00565406 0.00523681 0.00535558 0.0298883 0.0261187
0.115246 4.88874e-15 0.00372137 0.00528019 0.0054397 0.00568004 0.0302848 0.0238122
0.124394 5.14023e-15 0.004344 0.00467605 0.00595322 0.00682174 0.0320687 0.0220704
0.134634 4.34825e-15 0.00364264 0.00567514 0.0054407 0.00613958 0.0285138 0.0262353
0.145414 5.83306e-15 0.00405201 0.00558298 0.00559646 0.00646803 0.0300801 0.0256713
0.157243 5.62026e-15 0.00408011 0.00576326 0.00567487 0.00687705 0.0291131 0.02692
0.170157 5.89533e-15 0.00365296 0.00617614 0.00553195 0.00577051 0.0288084 0.0257852
0.183279 6.5289e-15 0.00351012 0.00664992 0.00519229 0.00523469 0.0284799 0.0266687
0.197075 2.54861e-15 0.00325283 0.00497446 0.0044827 0.00397197 0.0272378 0.0190688
0.208926 2.8673e-15 0.00277152 0.00529061 0.00436312 0.00426131 0.0267306 0.0201068
0.221374 3.68593e-15 0.00296999 0.00526013 0.00458939 0.0041188 0.0285475 0.0192037
0.234602 2.84719e-15 0.00238856 0.00504857 0.00462555 0.00402217 0.0274159 0.0176617
0.247655 2.38396e-15 0.00244439 0.00449719 0.00477567 0.00403226 0.0285196 0.0158303
0.260951 5.35927e-15 0.003447 0.00487669 0.00547845 0.00419009 0.0327869 0.017649
0.276895 3.44415e-14 0.00718732 0.00723774 0.00908423 0.00913774 0.0412328 0.0308733
0.305812 2.08319e-14 0.0072279 0.00850098 0.00659919 0.00932791 0.0332345 0.0378064
0.336957 3.86026e-15 0.00731547 0.00594246 0.00433395 0.00901788 0.0208055 0.0298727
0.364046 2.78322e-15 0.00717608 0.00544175 0.00430982 0.00904123 0.0200202 0.0285862
0.39207 1.34163e-15 0.00642689 0.00420708 0.00393656 0.00878696 0.01745 0.0225734
0.418006 5.04334e-16 0.00788679 0.00390253 0.00245522 0.0088986 0.0114508 0.0246657
0.444821 3.16941e-16 0.00662519 0.00338629 0.00224336 0.00852768 0.011032 0.0196146
0.469461 3.72799e-16 0.00666872 0.00333443 0.00237779 0.00913624 0.0121578 0.0194037
0.495941 3.65121e-16 0.00665493 0.00335159 0.00243179 0.00924274 0.0125362 0.0192091
0.523754 4.67705e-16 0.0016359 0.000995382 0.00367368 0.0226255 0.0409886 0.0147467
0.562135 1.25078e-15 0.0022264 0.00120174 0.00459747 0.0242165 0.0422071 0.0160698
0.606516 7.96703e-16 0.00216907 0.00114252 0.00444166 0.0217004 0.0378808 0.0144361
0.648978 8.49286e-16 0.00223444 0.0012151 0.00445976 0.020042 0.035505 0.0138877
0.691213 5.07335e-16 0.00217655 0.00109231 0.00421484 0.0183634 0.0329956 0.0128206
0.731932 4.1405e-16 0.00219911 0.00108129 0.00415826 0.017176 0.0328102 0.0123959
0.772705 3.47894e-16 0.0026756 0.000891511 0.00426206 0.0160454 0.0349136 0.0121594
0.814884 6.40766e-16 0.00262525 0.000884379 0.00407695 0.017073 0.0408267 0.0136693
0.861526 1.27817e-15 0.00393829 0.000948474 0.00540726 0.0161074 0.0474043 0.0133242
0.915339 4.59352e-16 0.0030132 0.000693315 0.00382001 0.0179597 0.0500299 0.0165495
0.9709 7.65865e-16 0.00320057 0.000731673 0.00409327 0.0184846 0.0530582 0.0165763
1.03132 1.33301e-15 0.00338422 0.00486261 0.00353021 0.00934196 0.026769 0.0234266
1.08569 3.30449e-15 0.00379814 0.00589204 0.00450581 0.0103732 0.0313536 0.0280773
1.15263 3.28625e-15 0.00338624 0.00647545 0.00457836 0.00915749 0.0312828 0.0292175
1.22219 2.22298e-15 0.00312634 0.00604736 0.00442654 0.00883126 0.0323384 0.0289461
1.29283 2.22876e-15 0.00304529 0.00646206 0.00473296 0.00873766 0.034082 0.0309416
1.36987 1.72922e-15 0.00294254 0.00543857 0.00468501 0.00782909 0.0350745 0.0270686
1.44426 1.65374e-15 0.00301084 0.005228 0.00473397 0.00735256 0.0353628 0.0266187
1.52077 2.13412e-15 0.00302249 0.00484423 0.00454063 0.00645145 0.0355741 0.0244439
1.59625 4.38705e-15 0.00358733 0.00563929 0.00500245 0.00525791 0.0352052 0.0269334
1.67956 2.8507e-15 0.00314096 0.00354409 0.00557829 0.00718875 0.0421754 0.0180156
1.76149 4.81498e-15 0.00350586 0.00546792 0.00539113 0.00612592 0.0397149 0.0264224
1.85615 6.6811e-15 0.00374835 0.00511637 0.00625201 0.00486973 0.0375171 0.0209738
1.9498 1.16133e-14 0.00442992 0.00492572 0.0070144 0.00646644 0.0422226 0.0219191
2.05874 4.07469e-15 0.00336228 0.00488351 0.00559191 0.00529677 0.0333659 0.0201302
2.15442 5.47972e-15 0.00346949 0.00451697 0.00616042 0.00606712 0.037018 0.0195524
2.25823 3.84612e-15 0.00348532 0.00510191 0.00540523 0.00638352 0.0346514 0.0231073
2.3685 2.66723e-15 0.00373214 0.00477483 0.00512358 0.00548991 0.0312901 0.0223998
2.47709 4.14499e-15 0.00423592 0.00606517 0.00470719 0.00622243 0.0337828 0.0302682
2.60778 1.54265e-15 0.00371403 0.00504206 0.00383728 0.00578074 0.0279361 0.0259279
2.72416 2.34516e-15 0.00423608 0.00493477 0.00398643 0.00638182 0.0277607 0.0259631
2.84969 7.7592e-16 0.00307931 0.00429889 0.00331105 0.00474156 0.0236208 0.0215854
2.95544 7.01914e-16 0.00279846 0.00364829 0.00310859 0.00374807 0.0223574 0.0170167
3.04994 9.01846e-16 0.00301885 0.00379181 0.00320094 0.00419816 0.0245893 0.0189321
3.15507 6.70544e-16 0.0029174 0.00371099 0.00306456 0.00429868 0.0230166 0.0187627
3.26088 9.10889e-16 0.00290303 0.00398039 0.00305517 0.00462869 0.0250504 0.0201797
3.37616 6.1826e-16 0.00288292 0.00400341 0.00293346 0.0052375 0.0234626 0.0216572
3.49738 4.6626e-16 0.00284998 0.00364643 0.00273833 0.00545429 0.0223627 0.0197943
3.61649 7.48012e-16 0.00312659 0.00393669 0.0028372 0.00494944 0.0216835 0.0205298
3.74235 8.63656e-16 0.00313406 0.00444781 0.00265952 0.00513882 0.0232819 0.0241781
3.88222 1.17395e-15 0.00376532 0.00461558 0.00286997 0.00585284 0.0233327 0.0261706
4.03972 4.2824e-15 0.00153357 0.00202558 0.00314271 0.0219128 0.0661258 0.0141374
4.25754 2.11805e-15 0.00131139 0.0019181 0.00268492 0.019504 0.0584214 0.0130745
4.4605 6.80403e-15 0.00117902 0.00286284 0.00239457 0.0216029 0.0773316 0.0174443
4.71421 3.23111e-15 0.00122888 0.00212245 0.00248562 0.0207847 0.0717217 0.0145058
4.95534 3.1762e-15 0.00127094 0.0022023 0.00230649 0.0216238 0.0738854 0.0148228
5.20953 2.53596e-15 0.00119056 0.00224384 0.00184569 0.0224572 0.0786284 0.0151135
5.47714 2.10756e-15 0.00292925 0.00727437 0.00366122 0.00777403 0.0287019 0.036817
5.75384 1.49264e-14 0.00551194 0.00361813 0.00397867 0.00738486 0.0562044 0.0237018
6.03602 6.09444e-15 0.00292789 0.00939185 0.00495788 0.00995475 0.0387531 0.0465452
6.41644 4.57205e-15 0.00252997 0.00717925 0.00509316 0.00737635 0.0374678 0.0329428
6.73929 1.09486e-14 0.00307956 0.0075253 0.0068065 0.0078911 0.0527185 0.0335727
7.13008 3.12542e-14 0.00360365 0.010193 0.00678706 0.0101522 0.0556548 0.0502041
7.64069 6.82563e-14 0.00558073 0.0112879 0.00878124 0.014051 0.0666228 0.0590898
8.31625 4.90793e-14 0.00634456 0.00771545 0.0097227 0.0156452 0.0750209 0.0398499
8.99248 2.80642e-14 0.00498425 0.00842774 0.00931094 0.0168128 0.0720828 0.0466474
9.72593 4.00909e-14 0.00793284 0.00758764 0.007618 0.017041 0.0665898 0.0475403
10.5216 1.91416e-13 0.00889488 0.00758379 0.0120678 0.0380319 0.0734194 0.0460764
11.6353 9.00084e-15 0.0105659 0.00416327 0.00454972 0.0276475 0.0507518 0.0306511
12.476 5.39129e-14 0.0157232 0.00550153 0.00633377 0.0369751 0.060809 0.0493002
13.7182 6.59403e-15 0.0103352 0.00515184 0.00417062 0.0354189 0.0378286 0.0295396
14.6838 7.33594e-15 0.00934896 0.00323396 0.00342235 0.0245812 0.0229504 0.0352632
15.4849 8.61809e-15 0.00936278 0.00305119 0.00341591 0.024973 0.0215482 0.0371167
16.319 7.82348e-15 0.00922854 0.00274997 0.00321654 0.0254278 0.0201915 0.0382328
17.1724 1.10667e-14 0.00980442 0.00257577 0.00317299 0.0260396 0.0189295 0.0437641
18.0926 7.43989e-15 0.00757528 0.00305561 0.00334101 0.0305264 0.017308 0.0327347
18.976 7.79483e-15 0.00734129 0.00221767 0.00310791 0.0273847 0.014815 0.0342279
19.8195 1.38462e-14 0.00849373 0.00228691 0.00367188 0.0277888 0.0143097 0.0368981
20.7575 1.02333e-14 0.00701047 0.00255909 0.00281318 0.0270212 0.0128762 0.031789
21.6267 1.13757e-14 0.00941263 0.00285657 0.00342963 0.0246347 0.018177 0.0428841
22.7047 6.44664e-14 0.0106848 0.00396631 0.00531216 0.0304218 0.0212501 0.04254
24.0459 5.01428e-14 0.00896281 0.00529553 0.00678878 0.0207987 0.0376649 0.0396408
25.4396 8.61568e-14 0.00854171 0.00547359 0.00772086 0.0218116 0.0446681 0.0381297
26.9543 1.70361e-14 0.00682099 0.00437308 0.00494979 0.0117549 0.0361406 0.0313478
28.0949 3.78753e-15 0.00470229 0.00326691 0.00357502 0.00564042 0.0346702 0.0200396
28.9182 2.76057e-15 0.00436154 0.00328464 0.00325138 0.00446661 0.0325711 0.0189028
29.6947 1.91709e-15 0.00355844 0.00318574 0.00311089 0.00367034 0.0305334 0.0167017
30.4059 1.3627e-15 0.00275801 0.00338984 0.00295179 0.00353982 0.0299462 0.0154401
31.0866 2.28387e-15 0.00343624 0.00379481 0.0030367 0.00418406 0.0295541 0.0197415
31.87 3.41238e-15 0.00377251 0.00436777 0.00298649 0.00455849 0.028326 0.0229979
32.7333 8.92655e-15 0.00336941 0.00296758 0.00478162 0.00805858 0.0498154 0.0203606
33.7786 7.03851e-15 0.00170056 0.00313274 0.00383453 0.0107559 0.0360876 0.0168441
34.686 6.3544e-15 0.00703119 0.00486313 0.00330743 0.00911178 0.0258648 0.0371797
35.9872 1.03577e-14 0.0082065 0.00555369 0.00418746 0.010913 0.0304246 0.0443212
37.5824 5.13456e-14 0.0106137 0.00620244 0.00432795 0.012014 0.0352634 0.0499804
39.5015 9.21829e-15 0.00790569 0.00505306 0.00267829 0.0102907 0.0219564 0.0380667
40.9803 1.64368e-14 0.00857832 0.00522684 0.00268587 0.0110588 0.0228932 0.0372336
42.5663 8.75371e-15 0.00816364 0.00471132 0.00269921 0.0104522 0.0194216 0.0355407
44.0975 1.42828e-14 0.00947001 0.00470448 0.00245215 0.0123251 0.0210742 0.0380029
45.8157 1.58007e-14 0.00985922 0.00493045 0.00282888 0.0143235 0.0171473 0.033244
47.6078 5.4984e-15 0.00859055 0.0044478 0.00199219 0.0156393 0.0148693 0.0263194
49.2401 6.53149e-15 0.00906128 0.00383739 0.00215389 0.0156372 0.0147299 0.0329531
50.9922 2.48456e-15 0.00811147 0.0034512 0.00159115 0.0143815 0.0123566 0.0256265
52.542 9.65844e-16 0.00737062 0.00318615 0.00153957 0.0138197 0.00995298 0.0221244
53.9793 9.54493e-16 0.00695537 0.00474557 0.00178983 0.0146588 0.00811574 0.021005
55.5128 7.5627e-16 0.00684265 0.00479351 0.0017044 0.0150852 0.0078431 0.021155
57.0753 3.88263e-16 0.00602378 0.00487387 0.0018394 0.0159453 0.00701647 0.0186644
58.6005 1.34519e-14 0.0106318 0.00559223 0.0038411 0.0230536 0.00793969 0.0348652
61.0485 4.53997e-16 0.00681416 0.00691824 0.001729 0.0171474 0.00692603 0.0247706
62.9497 2.95551e-16 0.00656962 0.0069556 0.00103318 0.0134496 0.00664551 0.030417
64.8227 1.54561e-14 0.00932991 0.00722792 0.00416342 0.0250849 0.00799709 0.0409245
67.6326 1.00808e-14 0.00462175 0.00741988 0.0042217 0.0300893 0.00557743 0.0295724
70.0493 2.77669e-12 0.00739274 0.0201619 0.012455 0.108829 0.0155662 0.0742569
77.0351 2.21099e-15 0.00248571 0.00814543 0.00443817 0.0740784 0.0140781 0.0557678
81.1299 2.09252e-11 0.00517312 0.0281484 0.016386 0.144399 0.0352813 0.0931849
91.427 2.51437e-11 0.00485462 0.0291869 0.0186105 0.120807 0.0524018 0.11771
103.415 5.25694e-12 0.00460505 0.0261454 0.0178015 0.090151 0.0426221 0.109338
114.788 5.92484e-15 0.0119836 0.0368146 0.00191223 0.0525937 0.0117191 0.226284
127.975 1.36509e-13 0.0121141 0.0270464 0.00771781 0.0375772 0.0372644 0.193512
141.798 1.53928e-12 0.00777351 0.0223354 0.0128302 0.0442816 0.0591199 0.154633
156.429 9.82971e-16 0.0133244 0.0270888 0.00340091 0.0235593 0.030149 0.211579
171.784 6.73183e-16 0.00876519 0.0173604 0.00406227 0.0131373 0.0353672 0.141206
183.729 6.57354e-15 0.00733976 0.0167987 0.00789542 0.0134983 0.0670572 0.130772
198.493 1.12014e-14 0.00870633 0.0178495 0.00962767 0.0204782 0.0897564 0.128879
216.802 7.88816e-14 0.00947396 0.014497 0.0110998 0.020843 0.0980672 0.0958571
235.647 1.41768e-13 0.00734056 0.0149352 0.00942726 0.0272101 0.0814576 0.0971963
253.827 1.43454e-13 0.00606117 0.0142528 0.0100481 0.0332242 0.0839864 0.0999113
273.3 1.85057e-13 0.00558843 0.0160098 0.0122406 0.0469155 0.101631 0.120847
297.89 2.8246e-13 0.00606048 0.0164185 0.0131047 0.0574471 0.102713 0.125498
325.512 1.577e-13 0.00561459 0.0146126 0.0122605 0.0579004 0.0891795 0.105622
351.898 7.0651e-13 0.00663373 0.0196483 0.0125956 0.0752462 0.0812259 0.164246
385.473 1.05639e-12 0.0098229 0.0181624 0.0114923 0.0940393 0.0614512 0.235578
424.894 5.93106e-13 0.0093771 0.0162115 0.0101615 0.0920731 0.0475374 0.212337
462.892 4.21813e-13 0.00937894 0.0133909 0.00896076 0.0882249 0.0358953 0.185843
498.553 6.28243e-13 0.0107474 0.0134053 0.00951723 0.0966885 0.0344783 0.194466
538.625 7.23433e-13 0.0106522 0.0126417 0.00942936 0.104594 0.0290368 0.184858
580.424 8.07029e-13 0.00628331 0.0108987 0.0081621 0.0981667 0.0265099 0.104176
614.489 1.502e-13 0.0128278 0.00784387 0.0065798 0.0787135 0.0213764 0.195668
654.888 1.61846e-13 0.0111111 0.00673541 0.00743077 0.0862852 0.018719 0.156489
694.097 4.40633e-14 0.0109059 0.00550343 0.00569217 0.069422 0.0157567 0.136037
729.007 6.14872e-14 0.011771 0.0055609 0.0074453 0.0960623 0.0150292 0.139979
771.383 9.23152e-14 0.0122784 0.00675079 0.00796953 0.104555 0.0137538 0.146459
819.649 4.11193e-14 0.0107992 0.0047551 0.00684699 0.0782168 0.0129675 0.136015
862.15 8.88521e-15 0.0113766 0.00364724 0.00542147 0.0621708 0.0141873 0.116222
900.469 4.15854e-15 0.0103895 0.00398115 0.00579728 0.0697397 0.0152914 0.100661
940.469 4.66521e-15 0.0106196 0.00392911 0.00593495 0.0686397 0.0162626 0.101271
982.362 3.64736e-15 0.0104647 0.00307955 0.00569467 0.0638206 0.0176996 0.105611
1024.4 5.88359e-15 0.0115134 0.00320655 0.00580692 0.0635989 0.0189996 0.119025
1070.53 2.30136e-15 0.00996567 0.00275227 0.00543796 0.0591049 0.0160666 0.0992881
1112.71 5.57728e-15 0.0118346 0.00315425 0.00614934 0.0692202 0.016142 0.128025
1164.43 4.34946e-16 0.00661476 0.00242116 0.00211396 0.0245175 0.0085868 0.0699798
1189.81 9.38945e-16 0.00959808 0.00297319 0.00279722 0.0338422 0.00840457 0.105063
1225.77 6.55045e-14 0.0141364 0.00752168 0.0134232 0.170409 0.0134689 0.177064
1327.59 1.22608e-14 0.0138139 0.00505283 0.00769263 0.101585 0.00930915 0.167256
1404.62 9.81065e-14 0.0147753 0.00847876 0.0103522 0.14408 0.00865572 0.200461
1509.16 1.04207e-13 0.0220995 0.0093773 0.00987134 0.141276 0.012186 0.297984
1641.6 7.47508e-14 0.021676 0.00782948 0.008127 0.119024 0.0139336 0.299615
1771.2 2.02194e-13 0.0245183 0.0111161 0.0105039 0.153499 0.017366 0.380714
1946.65 8.69774e-13 0.0291224 0.0141479 0.00999428 0.147208 0.0211717 0.482159
2163.56 2.26277e-11 0.0388705 0.0219349 0.0346476 0.441255 0.0837589 0.642985
2653.59 1.06053e-11 0.0343279 0.028182 0.0525679 0.608322 0.16725 0.547577
3386.22 1.97829e-13 0.00322278 0.0361126 0.0274809 0.356438 0.1131 0.253633
3887.85 7.64948e-13 0.0040142 0.0466384 0.0250533 0.296211 0.11321 0.169229
4424.96 6.0668e-16 0.00980151 0.0210657 0.00789355 0.084618 0.0459402 0.0354878
4652.92 9.28029e-16 0.00408512 0.0154105 0.018111 0.178074 0.110344 0.0686027
5007.17 1.49913e-16 0.00455294 0.0130608 0.0125039 0.115088 0.0851515 0.0431539
5282.57 3.64923e-16 0.00607409 0.021573 0.0136907 0.12798 0.0977427 0.0676879
5648.77 2.18127e-16 0.00568224 0.019162 0.0154508 0.126702 0.117888 0.0606126
6047.82 8.08636e-17 0.00209084 0.00515764 0.0533815 0.30906 0.401371 0.0429499
6998.56 1.42139e-16 0.00269639 0.00776152 0.0562385 0.296556 0.456884 0.064299
8134.2 1e-10 0.1 0.1 0.1 0.0001 0.0001 0.0001
10330.4 9.54905e-15 0.00432743 0.14039 0.0195068 0.0852191 0.203548 1
12760.3 9.22275e-14 0.00818759 0.293834 0.0427858 0.105993 0.488168 1
17911.3 2.71304e-12 0.0212656 0.993444 0.127929 0.351091 1 1
37206 1e-10 0.1 0.1 0.1 0.0001 0.0001 0.0001
44222 1e-10 0.1 0.1 0.1 0.0001 0.0001 0.0001
52137.6 1e-10 0.1 0.1 0.1 0.0001 0.0001 0.0001
61023.5 1e-10 0.1 0.1 0.1 0.0001 0.0001 0.0001
70951.3 1e-10 0.1 0.1 0.1 0.0001 0.0001 0.0001
81990.2 1e-10 0.1 0.1 0.1 0.0001 0.0001 0.0001
94216.2 1e-10 0.1 0.1 0.1 0.0001 0.0001 0.0001
107708 1e-10 0.1 0.1 0.1 0.0001 0.0001 0.0001
122563 1e-10 0.1 0.1 0.1 0.0001 0.0001 0.0001
138884 1e-10 0.1 0.1 0.1 0.0001 0.0001 0.0001
156788 1e-10 0.1 0.1 0.1 0.0001 0.0001 0.0001
176398 1e-10 0.1 0.1 0.1 0.0001 0.0001 0.0001
197838 1e-10 0.1 0.1 0.1 0.0001 0.0001 0.0001
221241 1e-10 0.1 0.1 0.1 0.0001 0.0001 0.0001
246730 1e-10 0.1 0.1 0.1 0.0001 0.0001 0.0001
274431 1e-10 0.1 0.1 0.1 0.0001 0.0001 0.0001
304482 1e-10 0.1 0.1 0.1 0.0001 0.0001 0.0001
337037 1e-10 0.1 0.1 0.1 0.0001 0.0001 0.0001
372258 1e-10 0.1 0.1 0.1 0.0001 0.0001 0.0001
410333 1e-10 0.1 0.1 0.1 0.0001 0.0001 0.0001
451471 1e-10 0.1 0.1 0.1 0.0001 0.0001 0.0001
495866 1e-10 0.1 0.1 0.1 0.0001 0.0001 0.0001
543748 1e-10 0.1 0.1 0.1 0.0001 0.0001 0.0001
595303 1e-10 0.1 0.1 0.1 0.0001 0.0001 0.0001
650717 1e-10 0.1 0.1 0.1 0.0001 0.0001 0.0001
710159 1e-10 0.1 0.1 0.1 0.0001 0.0001 0.0001
773758 1e-10 0.1 0.1 0.1 0.0001 0.0001 0.0001
841625 1e-10 0.1 0.1 0.1 0.0001 0.0001 0.0001
913848 1e-10 0.1 0.1 0.1 0.0001 0.0001 0.0001
990518 1e-10 0.1 0.1 0.1 0.0001 0.0001 0.0001
1.07173e+06 1e-10 0.1 0.1 0.1 0.0001 0.0001 0.0001
1.15761e+06 1e-10 0.1 0.1 0.1 0.0001 0.0001 0.0001
1.24832e+06 1e-10 0.1 0.1 0.1 0.0001 0.0001 0.0001
1.34404e+06 1e-10 0.1 0.1 0.1 0.0001 0.0001 0.0001
1.44499e+06 1e-10 0.1 0.1 0.1 0.0001 0.0001 0.0001
1.55142e+06 1e-10 0.1 0.1 0.1 0.0001 0.0001 0.0001
1.66352e+06 1e-10 0.1 0.1 0.1 0.0001 0.0001 0.0001
1.78134e+06 1e-10 0.1 0.1 0.1 0.0001 0.0001 0.0001
1.90484e+06 1e-10 0.1 0.1 0.1 0.0001 0.0001 0.0001
2.03431e+06 1e-10 0.1 0.1 0.1 0.0001 0.0001 0.0001
2.17004e+06 1e-10 0.1 0.1 0.1 0.0001 0.0001 0.0001
2.31254e+06 1e-10 0.1 0.1 0.1 0.0001 0.0001 0.0001
2.46218e+06 1e-10 0.1 0.1 0.1 0.0001 0.0001 0.0001
2.61949e+06 1e-10 0.1 0.1 0.1 0.0001 0.0001 0.0001
2.78499e+06 1e-10 0.1 0.1 0.1 0.0001 0.0001 0.0001
2.95931e+06 1e-10 0.1 0.1 0.1 0.0001 0.0001 0.0001
3.14324e+06 1e-10 0.1 0.1 0.1 0.0001 0.0001 0.0001
3.33737e+06 1e-10 0.1 0.1 0.1 0.0001 0.0001 0.0001
3.54208e+06 1e-10 0.1 0.1 0.1 0.0001 0.0001 0.0001
3.75758e+06 1e-10 0.1 0.1 0.1 0.0001 0.0001 0.0001
3.98404e+06 1e-10 0.1 0.1 0.1 0.0001 0.0001 0.0001
4.22181e+06 1e-10 0.1 0.1 0.1 0.0001 0.0001 0.0001
4.47127e+06 1e-10 0.1 0.1 0.1 0.0001 0.0001 0.0001
4.73303e+06 1e-10 0.1 0.1 0.1 0.0001 0.0001 0.0001
5.00772e+06 1e-10 0.1 0.1 0.1 0.0001 0.0001 0.0001
5.29602e+06 1e-10 0.1 0.1 0.1 0.0001 0.0001 0.0001
5.59826e+06 1e-10 0.1 0.1 0.1 0.0001 0.0001 0.0001
5.91491e+06 1e-10 0.1 0.1 0.1 0.0001 0.0001 0.0001
6.24662e+06 1e-10 0.1 0.1 0.1 0.0001 0.0001 0.0001
6.59447e+06 1e-10 0.1 0.1 0.1 0.0001 0.0001 0.0001
6.95985e+06 1e-10 0.1 0.1 0.1 0.0001 0.0001 0.0001
7.34408e+06 1e-10 0.1 0.1 0.1 0.0001 0.0001 0.0001
7.74896e+06 1e-10 0.1 0.1 0.1 0.0001 0.0001 0.0001
8.17678e+06 1e-10 0.1 0.1 0.1 0.0001 0.0001 0.0001
8.62981e+06 1e-10 0.1 0.1 0.1 0.0001 0.0001 0.0001
9.11069e+06 1e-10 0.1 0.1 0.1 0.0001 0.0001 0.0001
9.62212e+06 1e-10 0.1 0.1 0.1 0.0001 0.0001 0.0001
1.01661e+07 1e-10 0.1 0.1 0.1 0.0001 0.0001 0.0001
1.07447e+07 1e-10 0.1 0.1 0.1 0.0001 0.0001 0.0001
1.13599e+07 1e-10 0.1 0.1 0.1 0.0001 0.0001 0.0001
1.20125e+07 1e-10 0.1 0.1 0.1 0.0001 0.0001 0.0001
1.27038e+07 1e-10 0.1 0.1 0.1 0.0001 0.0001 0.0001
1.3436e+07 1e-10 0.1 0.1 0.1 0.0001 0.0001 0.0001
1.42114e+07 1e-10 0.1 0.1 0.1 0.0001 0.0001 0.0001
1.5033e+07 1e-10 0.1 0.1 0.1 0.0001 0.0001 0.0001
1.59038e+07 1e-10 0.1 0.1 0.1 0.0001 0.0001 0.0001
1.68267e+07 1e-10 0.1 0.1 0.1 0.0001 0.0001 0.0001
1.78054e+07 1e-10 0.1 0.1 0.1 0.0001 0.0001 0.0001
1.88424e+07 1e-10 0.1 0.1 0.1 0.0001 0.0001 0.0001
1.9941e+07 1e-10 0.1 0.1 0.1 0.0001 0.0001 0.0001
2.11034e+07 1e-10 0.1 0.1 0.1 0.0001 0.0001 0.0001
2.23322e+07 1e-10 0.1 0.1 0.1 0.0001 0.0001 0.0001
2.3633e+07 1e-10 0.1 0.1 0.1 0.0001 0.0001 0.0001
2.50128e+07 1e-10 0.1 0.1 0.1 0.0001 0.0001 0.0001
2.64798e+07 1e-10 0.1 0.1 0.1 0.0001 0.0001 0.0001
2.8042e+07 1e-10 0.1 0.1 0.1 0.0001 0.0001 0.0001
2.97084e+07 1e-10 0.1 0.1 0.1 0.0001 0.0001 0.0001
3.14886e+07 1e-10 0.1 0.1 0.1 0.0001 0.0001 0.0001
3.33898e+07 1e-10 0.1 0.1 0.1 0.0001 0.0001 0.0001
3.54154e+07 1e-10 0.1 0.1 0.1 0.0001 0.0001 0.0001
3.75686e+07 1e-10 0.1 0.1 0.1 0.0001 0.0001 0.0001
3.98512e+07 1e-10 0.1 0.1 0.1 0.0001 0.0001 0.0001
4.22669e+07 1e-10 0.1 0.1 0.1 0.0001 0.0001 0.0001
4.48206e+07 1e-10 0.1 0.1 0.1 0.0001 0.0001 0.0001
4.75206e+07 1e-10 0.1 0.1 0.1 0.0001 0.0001 0.0001
5.03768e+07 1e-10 0.1 0.1 0.1 0.0001 0.0001 0.0001
5.33973e+07 1e-10 0.1 0.1 0.1 0.0001 0.0001 0.0001
5.65915e+07 1e-10 0.1 0.1 0.1 0.0001 0.0001 0.0001
5.99693e+07 1e-10 0.1 0.1 0.1 0.0001 0.0001 0.0001
6.35404e+07 1e-10 0.1 0.1 0.1 0.0001 0.0001 0.0001
6.73181e+07 1e-10 0.1 0.1 0.1 0.0001 0.0001 0.0001
7.1311e+07 1e-10 0.1 0.1 0.1 0.0001 0.0001 0.0001
7.55328e+07 1e-10 0.1 0.1 0.1 0.0001 0.0001 0.0001
7.99989e+07 1e-10 0.1 0.1 0.1 0.0001 0.0001 0.0001
8.4735e+07 1e-10 0.1 0.1 0.1 0.0001 0.0001 0.0001
8.97692e+07 1e-10 0.1 0.1 0.1 0.0001 0.0001 0.0001
9.51315e+07 1e-10 0.1 0.1 0.1 0.0001 0.0001 0.0001
1.00851e+08 1e-10 0.1 0.1 0.1 0.0001 0.0001 0.0001
1.06948e+08 1e-10 0.1 0.1 0.1 0.0001 0.0001 0.0001
1.1344e+08 1e-10 0.1 0.1 0.1 0.0001 0.0001 0.0001
1.20335e+08 1e-10 0.1 0.1 0.1 0.0001 0.0001 0.0001
1.27651e+08 1e-10 0.1 0.1 0.1 0.0001 0.0001 0.0001
1.35389e+08 1.1256e-09 0.00171962 0.0230267 0.0143701 0.568937 1 1
1.46185e+08 1e-10 0.1 0.1 0.1 0.0001 0.0001 0.0001
1.55045e+08 1e-10 0.1 0.1 0.1 0.0001 0.0001 0.0001
1.6442e+08 1e-10 0.1 0.1 0.1 0.0001 0.0001 0.0001
1.74342e+08 1e-10 0.1 0.1 0.1 0.0001 0.0001 0.0001
1.84843e+08 1e-10 0.1 0.1 0.1 0.0001 0.0001 0.0001
1.95956e+08 1e-10 0.1 0.1 0.1 0.0001 0.0001 0.0001
2.07708e+08 1e-10 0.1 0.1 0.1 0.0001 0.0001 0.0001
2.20124e+08 1e-10 0.1 0.1 0.1 0.0001 0.0001 0.0001
2.33237e+08 1e-10 0.1 0.1 0.1 0.0001 0.0001 0.0001
2.47062e+08 1e-10 0.1 0.1 0.1 0.0001 0.0001 0.0001
2.61635e+08 1e-10 0.1 0.1 0.1 0.0001 0.0001 0.0001
2.77014e+08 1e-10 0.1 0.1 0.1 0.0001 0.0001 0.0001
2.93261e+08 1e-10 0.1 0.1 0.1 0.0001 0.0001 0.0001
3.10458e+08 1e-10 0.1 0.1 0.1 0.0001 0.0001 0.0001
3.28688e+08 1e-10 0.1 0.1 0.1 0.0001 0.0001 0.0001
3.48032e+08 1e-10 0.1 0.1 0.1 0.0001 0.0001 0.0001
3.68554e+08 1e-10 0.1 0.1 0.1 0.0001 0.0001 0.0001
3.90297e+08 1e-10 0.1 0.1 0.1 0.0001 0.0001 0.0001
4.13303e+08 1e-10 0.1 0.1 0.1 0.0001 0.0001 0.0001
4.37593e+08 1e-10 0.1 0.1 0.1 0.0001 0.0001 0.0001
4.63217e+08 1e-10 0.1 0.1 0.1 0.0001 0.0001 0.0001
4.90244e+08 1e-10 0.1 0.1 0.1 0.0001 0.0001 0.0001
5.18745e+08 1e-10 0.1 0.1 0.1 0.0001 0.0001 0.0001
5.4881e+08 1e-10 0.1 0.1 0.1 0.0001 0.0001 0.0001
5.80529e+08 1e-10 0.1 0.1 0.1 0.0001 0.0001 0.0001
6.14004e+08 1e-10 0.1 0.1 0.1 0.0001 0.0001 0.0001
6.4932e+08 1e-10 0.1 0.1 0.1 0.0001 0.0001 0.0001
6.86541e+08 1e-10 0.1 0.1 0.1 0.0001 0.0001 0.0001
7.25726e+08 1e-10 0.1 0.1 0.1 0.0001 0.0001 0.0001
7.66912e+08 1e-10 0.1 0.1 0.1 0.0001 0.0001 0.0001
8.10176e+08 1e-10 0.1 0.1 0.1 0.0001 0.0001 0.0001
8.55667e+08 1e-10 0.1 0.1 0.1 0.0001 0.0001 0.0001
9.03563e+08 1e-10 0.1 0.1 0.1 0.0001 0.0001 0.0001
9.5408e+08 1e-10 0.1 0.1 0.1 0.0001 0.0001 0.0001
1.00745e+09 1e-10 0.1 0.1 0.1 0.0001 0.0001 0.0001
1.06396e+09 1e-10 0.1 0.1 0.1 0.0001 0.0001 0.0001
1.1238e+09 1e-10 0.1 0.1 0.1 0.0001 0.0001 0.0001
1.18716e+09 1e-10 0.1 0.1 0.1 0.0001 0.0001 0.0001
1.25414e+09 1e-10 0.1 0.1 0.1 0.0001 0.0001 0.0001
1.3248e+09 1e-10 0.1 0.1 0.1 0.0001 0.0001 0.0001
1.39926e+09 1e-10 0.1 0.1 0.1 0.0001 0.0001 0.0001
1.47765e+09 1e-10 0.1 0.1 0.1 0.0001 0.0001 0.0001
1.56014e+09 1e-10 0.1 0.1 0.1 0.0001 0.0001 0.0001
1.64692e+09 1e-10 0.1 0.1 0.1 0.0001 0.0001 0.0001
1.73816e+09 1e-10 0.1 0.1 0.1 0.0001 0.0001 0.0001
1.83406e+09 1e-10 0.1 0.1 0.1 0.0001 0.0001 0.0001
1.93475e+09 1e-10 0.1 0.1 0.1 0.0001 0.0001 0.0001
2.04039e+09 1e-10 0.1 0.1 0.1 0.0001 0.0001 0.0001
2.15118e+09 1e-10 0.1 0.1 0.1 0.0001 0.0001 0.0001
2.26722e+09 1e-10 0.1 0.1 0.1 0.0001 0.0001 0.0001
2.38867e+09 1e-10 0.1 0.1 0.1 0.0001 0.0001 0.0001
2.5158e+09 1e-10 0.1 0.1 0.1 0.0001 0.0001 0.0001
2.64895e+09 1e-10 0.1 0.1 0.1 0.0001 0.0001 0.0001
2.78854e+09 1e-10 0.1 0.1 0.1 0.0001 0.0001 0.0001
2.93505e+09 1e-10 0.1 0.1 0.1 0.0001 0.0001 0.0001
3.08899e+09 1e-10 0.1 0.1 0.1 0.0001 0.0001 0.0001
3.25074e+09 1e-10 0.1 0.1 0.1 0.0001 0.0001 0.0001
3.42052e+09 1e-10 0.1 0.1 0.1 0.0001 0.0001 0.0001
3.5985e+09 1e-10 0.1 0.1 0.1 0.0001 0.0001 0.0001
3.78479e+09 1e-10 0.1 0.1 0.1 0.0001 0.0001 0.0001
3.97938e+09 1e-10 0.1 0.1 0.1 0.0001 0.0001 0.0001
4.18236e+09 1e-10 0.1 0.1 0.1 0.0001 0.0001 0.0001
4.39399e+09 1e-10 0.1 0.1 0.1 0.0001 0.0001 0.0001
4.6146e+09 1e-10 0.1 0.1 0.1 0.0001 0.0001 0.0001
4.84459e+09 1e-10 0.1 0.1 0.1 0.0001 0.0001 0.0001
5.0844e+09 1e-10 0.1 0.1 0.1 0.0001 0.0001 0.0001
5.33441e+09 1e-10 0.1 0.1 0.1 0.0001 0.0001 0.0001
5.59474e+09 1e-10 0.1 0.1 0.1 0.0001 0.0001 0.0001
5.86562e+09 1e-10 0.1 0.1 0.1 0.0001 0.0001 0.0001
6.1474e+09 1e-10 0.1 0.1 0.1 0.0001 0.0001 0.0001
6.44007e+09 1e-10 0.1 0.1 0.1 0.0001 0.0001 0.0001
6.7437e+09 1e-10 0.1 0.1 0.1 0.0001 0.0001 0.0001
7.05867e+09 1e-10 0.1 0.1 0.1 0.0001 0.0001 0.0001
7.3854e+09 1e-10 0.1 0.1 0.1 0.0001 0.0001 0.0001
7.72428e+09 1e-10 0.1 0.1 0.1 0.0001 0.0001 0.0001
8.07562e+09 1e-10 0.1 0.1 0.1 0.0001 0.0001 0.0001
8.43952e+09 1e-10 0.1 0.1 0.1 0.0001 0.0001 0.0001
8.81612e+09 1e-10 0.1 0.1 0.1 0.0001 0.0001 0.0001
9.205e+09 1.08393e-14 0.00991334 0.014501 0.0390776 1 0.304798 0.142971
9.47317e+09 1e-10 0.1 0.1 0.1 0.0001 0.0001 0.0001
9.8839e+09 1e-10 0.1 0.1 0.1 0.0001 0.0001 0.0001
1.03049e+10 1e-10 0.1 0.1 0.1 0.0001 0.0001 0.0001
1.07351e+10 2.49784e-10 0.118161 0.00877005 0.0122652 0.254676 0.864143 1
1.13663e+10 1e-10 0.1 0.1 0.1 0.0001 0.0001 0.0001
1.18212e+10 3.55113e-14 0.0590685 0.0654921 0.0030463 0.172553 0.151397 0.0718576
1.20492e+10 1e-10 0.1 0.1 0.1 0.0001 0.0001 0.0001
1.25123e+10 1e-10 0.1 0.1 0.1 0.0001 0.0001 0.0001
1.2981e+10 1e-10 0.1 0.1 0.1 0.0001 0.0001 0.0001
1.34551e+10 1e-10 0.1 0.1 0.1 0.0001 0.0001 0.0001
1.39338e+10 1e-10 0.1 0.1 0.1 0.0001 0.0001 0.0001
1.4417e+10 1e-10 0.1 0.1 0.1 0.0001 0.0001 0.0001
1.49043e+10 1e-10 0.1 0.1 0.1 0.0001 0.0001 0.0001
1.53959e+10 1e-10 0.1 0.1 0.1 0.0001 0.0001 0.0001
1.58914e+10 1e-10 0.1 0.1 0.1 0.0001 0.0001 0.0001
1.63909e+10 1e-10 0.1 0.1 0.1 0.0001 0.0001 0.0001
1.68941e+10 1e-10 0.1 0.1 0.1 0.0001 0.0001 0.0001
1.74004e+10 1e-10 0.1 0.1 0.1 0.0001 0.0001 0.0001
1.79093e+10 1e-10 0.1 0.1 0.1 0.0001 0.0001 0.0001
1.84202e+10 1e-10 0.1 0.1 0.1 0.0001 0.0001 0.0001
1.89326e+10 1e-10 0.1 0.1 0.1 0.0001 0.0001 0.0001
1.94459e+10 1e-10 0.1 0.1 0.1 0.0001 0.0001 0.0001
1.99597e+10 1e-10 0.1 0.1 0.1 0.0001 0.0001 0.0001
2.04735e+10 1e-10 0.1 0.1 0.1 0.0001 0.0001 0.0001
2.0987e+10 1e-10 0.1 0.1 0.1 0.0001 0.0001 0.0001
2.14998e+10 1e-10 0.1 0.1 0.1 0.0001 0.0001 0.0001
2.20116e+10 1e-10 0.1 0.1 0.1 0.0001 0.0001 0.0001
2.25226e+10 1e-10 0.1 0.1 0.1 0.0001 0.0001 0.0001
2.30324e+10 1e-10 0.1 0.1 0.1 0.0001 0.0001 0.0001
2.35402e+10 1e-10 0.1 0.1 0.1 0.0001 0.0001 0.0001
2.40455e+10 1e-10 0.1 0.1 0.1 0.0001 0.0001 0.0001
2.4547e+10 1e-10 0.1 0.1 0.1 0.0001 0.0001 0.0001
2.50448e+10 1e-10 0.1 0.1 0.1 0.0001 0.0001 0.0001
2.554e+10 1e-10 0.1 0.1 0.1 0.0001 0.0001 0.0001
2.60337e+10 1e-10 0.1 0.1 0.1 0.0001 0.0001 0.0001
2.65259e+10 1e-10 0.1 0.1 0.1 0.0001 0.0001 0.0001
2.7017e+10 1e-10 0.1 0.1 0.1 0.0001 0.0001 0.0001
2.75072e+10 1e-10 0.1 0.1 0.1 0.0001 0.0001 0.0001
2.7996e+10 1e-10 0.1 0.1 0.1 0.0001 0.0001 0.0001
2.84832e+10 1e-10 0.1 0.1 0.1 0.0001 0.0001 0.0001
2.89679e+10 1e-10 0.1 0.1 0.1 0.0001 0.0001 0.0001
2.94497e+10 1e-10 0.1 0.1 0.1 0.0001 0.0001 0.0001
2.99283e+10 1e-10 0.1 0.1 0.1 0.0001 0.0001 0.0001
3.04033e+10 1e-10 0.1 0.1 0.1 0.0001 0.0001 0.0001
3.08749e+10 1e-10 0.1 0.1 0.1 0.0001 0.0001 0.0001
